Exporter version: 6.2.2, Blender version: 2.80 (sub 75)
========= Conversion from Blender to Babylon.js =========
	Scene settings used :
		inline textures     :  false
		Material Type       :  PBR
		Positions Precision :  4
		Normals Precision   :  3
		UVs Precision       :  3
		Vert Color Precision:  3
		Mat Weight Precision:  2
		texture directory   :  d:\Data\TFS\HTTP3D\secureinternal\HTTP3DInc\Blender\golf\
	Python World class constructor completed
	processing begun of skeleton:  Armature, id:  0
		processing begun of bone:  Bone, index:  0
		processing begun of bone:  Bone.001, index:  1
		processing begun of bone:  Bone.002, index:  2
		processing begun of bone:  Bone.003, index:  3
		processing begun of bone:  Bone.004, index:  4
		processing begun of bone:  Bone.005, index:  5
		processing begun of bone:  Bone.006, index:  6
		processing begun of bone:  Bone.007, index:  7
		processing begun of bone:  Bone.008, index:  8
		processing begun of bone:  Bone.009, index:  9
		processing begun of bone:  Bone.010, index:  10
		processing begun of bone:  Bone.011, index:  11
		processing action ArmatureAction:  in[1 - 100], out[0 - 100]
	processing begun of camera (UniversalCamera):  Camera
	processing begun of mesh:  flagpole
		processing begun of material:  pole
		num positions      :  55
		num normals        :  55
		num tangents       :  0
		num uvs            :  110
		num uvs2           :  0
		num colors         :  0
		num indices        :  84
	processing begun of mesh:  flag
		processing begun of material:  flag
			processing texture flag
				WARNING: Exception during copy:
					'd:\\Data\\TFS\\HTTP3D\\secureinternal\\HTTP3DInc\\Blender\\golf\\flag.png' and 'd:\\Data\\TFS\\HTTP3D\\secureinternal\\HTTP3DInc\\Blender\\golf\\flag.png' are the same file
				texture type:  diffuseTexture, mapped using: "UVMap"
		num positions      :  156
		num normals        :  156
		num tangents       :  0
		num uvs            :  312
		num uvs2           :  0
		num colors         :  0
		num indices        :  228
		Skeleton stats:  
			Total Influencers:  609
			Avg # of influencers per vertex:  3.9038
			Highest # of influencers observed:  5, num vertices with this:  40
			exported as 5 influencers
			num skeletonWeights and skeletonIndices:  1248
	processing begun of light (POINT):  Light
	processing begun of light (POINT):  Light.001
========= Writing of JSON file started =========
	writing mesh:  flagpole
	writing mesh:  flag
========= Writing of JSON file completed =========
========= end of processing =========
elapsed time:  0 min, 0.2404 secs
