Exporter version: 6.2.2, Blender version: 2.80 (sub 75)
========= Conversion from Blender to Babylon.js =========
	Scene settings used :
		inline textures     :  false
		Material Type       :  PBR
		Positions Precision :  4
		Normals Precision   :  3
		UVs Precision       :  3
		Vert Color Precision:  3
		Mat Weight Precision:  2
		texture directory   :  D:\Data\TFS\HTTP3D\secureinternal\HTTP3DInc\Blender\paintball\
	Python World class constructor completed
	processing begun of camera (UniversalCamera):  Camera
	processing begun of mesh:  wtwpaintballgun1a
		animation processing begun
			processing action Line01|Take 001|Base Layer:  in[1 - 1], out[0 - 1]
		processing begun of material:  metal
		processing begun of material:  white metal
		processing begun of material:  plastik
		processing begun of material:  15 - Defaultd
		processing begun of material:  07 - Default
		processing begun of material:  plastik1
		processing begun of material:  canistermat
			WARNING: Metal channel baking required, but not possible, ignored
			WARNING: Roughness channel baking required, but not possible, ignored
			WARNING: Clearcoat channel baking required, but not possible, ignored
			WARNING: Refraction channel baking required, but not possible, ignored
			Baking texture, type: DIFFUSE, mapped using: BakingUV
			processing texture wtwpaintballgun1a_baked_DIFFUSE
				texture type:  diffuseTexture, mapped using: "BakingUV"
			Baking texture, type: EMIT, mapped using: BakingUV
			processing texture wtwpaintballgun1a_baked_EMIT
				texture type:  emissiveTexture, mapped using: "BakingUV"
			Baking texture, type: GLOSSY, mapped using: BakingUV
			processing texture wtwpaintballgun1a_baked_GLOSSY
				texture type:  specularTexture, mapped using: "BakingUV"
			bake time:  0 min, 45.3928 secs
		Custom split normals with tangents being used
		num positions      :  58828
		num normals        :  58828
		num tangents       :  235312
		num uvs            :  117656
		num uvs2           :  0
		num colors         :  0
		num indices        :  172185
		WARNING: # of 0 area faces found:  24
	processing begun of light (POINT):  Light
========= Writing of JSON file started =========
	writing mesh:  wtwpaintballgun1a
========= Writing of JSON file completed =========
========= end of processing =========
elapsed time:  1 min, 2.8915 secs
