Exporter version: 6.2.2, Blender version: 2.80 (sub 75)
========= Conversion from Blender to Babylon.js =========
	Scene settings used :
		inline textures     :  false
		Material Type       :  PBR
		Positions Precision :  4
		Normals Precision   :  3
		UVs Precision       :  3
		Vert Color Precision:  3
		Mat Weight Precision:  2
		texture directory   :  d:\Data\TFS\HTTP3D\secureinternal\HTTP3DInc\Blender\golf\
	Python World class constructor completed
	processing begun of camera (UniversalCamera):  Camera
	processing begun of mesh:  Sphere
		processing begun of material:  ball
			processing texture golfballdimples
				WARNING: Exception during copy:
					'd:\\Data\\TFS\\HTTP3D\\secureinternal\\HTTP3DInc\\Blender\\golf\\golfballdimples.jpg' and 'd:\\Data\\TFS\\HTTP3D\\secureinternal\\HTTP3DInc\\Blender\\golf\\golfballdimples.jpg' are the same file
				texture type:  diffuseTexture, mapped using: "UVMap"
		num positions      :  236
		num normals        :  236
		num tangents       :  0
		num uvs            :  472
		num uvs2           :  0
		num colors         :  0
		num indices        :  1008
	processing begun of light (POINT):  Light
========= Writing of JSON file started =========
	writing mesh:  Sphere
========= Writing of JSON file completed =========
========= end of processing =========
elapsed time:  0 min, 0.0419 secs
